  Example1.cpp
c:\users\user\desktop\opengl_2\opengl_2\opengl_2\common\cquadex1.h(8): warning C4005: 'QUAD_NUM': 巨集重複定義
  c:\users\user\desktop\opengl_2\opengl_2\opengl_2\common\cquad.h(8): note: 請參閱 'QUAD_NUM' 之前的定義
c:\users\user\desktop\opengl_2\opengl_2\opengl_2\enemy1.h(8): warning C4005: 'QUAD_NUM': 巨集重複定義
  c:\users\user\desktop\opengl_2\opengl_2\opengl_2\common\cquadex1.h(8): note: 請參閱 'QUAD_NUM' 之前的定義
c:\users\user\desktop\opengl_2\opengl_2\opengl_2\enemy1.h(27): warning C4244: '引數': 將 'int' 轉換為 'const GLfloat'，由於類型不同，可能導致資料遺失
c:\users\user\desktop\opengl_2\opengl_2\opengl_2\bullet.h(8): warning C4005: 'QUAD_NUM': 巨集重複定義
  c:\users\user\desktop\opengl_2\opengl_2\opengl_2\enemy1.h(8): note: 請參閱 'QUAD_NUM' 之前的定義
c:\users\user\desktop\opengl_2\opengl_2\opengl_2\bullet.h(36): warning C4244: '引數': 將 'int' 轉換為 'const GLfloat'，由於類型不同，可能導致資料遺失
c:\users\user\desktop\opengl_2\opengl_2\opengl_2\vbullet.h(34): warning C4244: '引數': 將 'int' 轉換為 'const GLfloat'，由於類型不同，可能導致資料遺失
c:\users\user\desktop\opengl_2\opengl_2\opengl_2\enemy2.h(8): warning C4005: 'QUAD_NUM': 巨集重複定義
  c:\users\user\desktop\opengl_2\opengl_2\opengl_2\bullet.h(8): note: 請參閱 'QUAD_NUM' 之前的定義
c:\users\user\desktop\opengl_2\opengl_2\opengl_2\enemy2.h(27): warning C4244: '引數': 將 'int' 轉換為 'const GLfloat'，由於類型不同，可能導致資料遺失
c:\users\user\desktop\opengl_2\opengl_2\opengl_2\bg.h(28): warning C4244: '引數': 將 'int' 轉換為 'const GLfloat'，由於類型不同，可能導致資料遺失
c:\users\user\desktop\opengl_2\opengl_2\opengl_2\testenemy1.h(27): warning C4244: '引數': 將 'int' 轉換為 'const GLfloat'，由於類型不同，可能導致資料遺失
c:\users\user\desktop\opengl_2\opengl_2\opengl_2\example1.cpp(80): warning C4305: '引數': 從 'double' 轉換為 'GLclampf'，是由較大的類型轉換為較小的類型，可能導致資料遺失
c:\users\user\desktop\opengl_2\opengl_2\opengl_2\example1.cpp(164): warning C4244: '引數': 將 'int' 轉換為 'const GLfloat'，由於類型不同，可能導致資料遺失
c:\users\user\desktop\opengl_2\opengl_2\opengl_2\example1.cpp(195): warning C4244: '引數': 將 'int' 轉換為 'const GLfloat'，由於類型不同，可能導致資料遺失
c:\users\user\desktop\opengl_2\opengl_2\opengl_2\example1.cpp(240): warning C4244: '引數': 將 'int' 轉換為 'const GLfloat'，由於類型不同，可能導致資料遺失
  OpenGL_2.vcxproj -> C:\Users\user\Desktop\opengl_2\OpenGL_2\Debug\OpenGL_2.exe
  OpenGL_2.vcxproj -> C:\Users\user\Desktop\opengl_2\OpenGL_2\Debug\OpenGL_2.pdb (Full PDB)
