d:\study\大三\opengl_2\opengl_2\opengl_2\debug\vc140.pdb
d:\study\大三\opengl_2\opengl_2\opengl_2\debug\vc140.idb
d:\study\大三\opengl_2\opengl_2\opengl_2\debug\bullet.obj
d:\study\大三\opengl_2\opengl_2\opengl_2\debug\common.obj
d:\study\大三\opengl_2\opengl_2\opengl_2\debug\cquad.obj
d:\study\大三\opengl_2\opengl_2\opengl_2\debug\cquadex1.obj
d:\study\大三\opengl_2\opengl_2\opengl_2\debug\cquadex2b.obj
d:\study\大三\opengl_2\opengl_2\opengl_2\debug\timer.obj
d:\study\大三\opengl_2\opengl_2\opengl_2\debug\enemy1.obj
d:\study\大三\opengl_2\opengl_2\opengl_2\debug\example1.obj
d:\study\大三\opengl_2\opengl_2\opengl_2\debug\initshader.obj
d:\study\大三\opengl_2\opengl_2\debug\opengl_2.ilk
d:\study\大三\opengl_2\opengl_2\debug\opengl_2.exe
d:\study\大三\opengl_2\opengl_2\debug\opengl_2.pdb
d:\study\大三\opengl_2\opengl_2\opengl_2\debug\opengl_2.tlog\cl.command.1.tlog
d:\study\大三\opengl_2\opengl_2\opengl_2\debug\opengl_2.tlog\cl.read.1.tlog
d:\study\大三\opengl_2\opengl_2\opengl_2\debug\opengl_2.tlog\cl.write.1.tlog
d:\study\大三\opengl_2\opengl_2\opengl_2\debug\opengl_2.tlog\link.command.1.tlog
d:\study\大三\opengl_2\opengl_2\opengl_2\debug\opengl_2.tlog\link.read.1.tlog
d:\study\大三\opengl_2\opengl_2\opengl_2\debug\opengl_2.tlog\link.write.1.tlog
